Determining if the pthread_create exist failed with the following output:
Change Dir: /mnt/dav/Projekt/Software/Raspberry PI/build_isolated/topic_tools/CMakeFiles/CMakeTmp

Run Build Command:"/usr/bin/make" "cmTryCompileExec3869751558/fast"
/usr/bin/make -f CMakeFiles/cmTryCompileExec3869751558.dir/build.make CMakeFiles/cmTryCompileExec3869751558.dir/build
make[1]: Entering directory '/mnt/dav/Projekt/Software/Raspberry PI/build_isolated/topic_tools/CMakeFiles/CMakeTmp'
/usr/bin/cmake -E cmake_progress_report "/mnt/dav/Projekt/Software/Raspberry PI/build_isolated/topic_tools/CMakeFiles/CMakeTmp/CMakeFiles" 1
Building C object CMakeFiles/cmTryCompileExec3869751558.dir/CheckSymbolExists.c.o
/usr/bin/cc    -o CMakeFiles/cmTryCompileExec3869751558.dir/CheckSymbolExists.c.o   -c "/mnt/dav/Projekt/Software/Raspberry PI/build_isolated/topic_tools/CMakeFiles/CMakeTmp/CheckSymbolExists.c"
Linking C executable cmTryCompileExec3869751558
/usr/bin/cmake -E cmake_link_script CMakeFiles/cmTryCompileExec3869751558.dir/link.txt --verbose=1
/usr/bin/cc       CMakeFiles/cmTryCompileExec3869751558.dir/CheckSymbolExists.c.o  -o cmTryCompileExec3869751558 -rdynamic 
CMakeFiles/cmTryCompileExec3869751558.dir/CheckSymbolExists.c.o: In function `main':
CheckSymbolExists.c:(.text+0x38): undefined reference to `pthread_create'
collect2: error: ld returned 1 exit status
CMakeFiles/cmTryCompileExec3869751558.dir/build.make:88: recipe for target 'cmTryCompileExec3869751558' failed
make[1]: Leaving directory '/mnt/dav/Projekt/Software/Raspberry PI/build_isolated/topic_tools/CMakeFiles/CMakeTmp'
make[1]: *** [cmTryCompileExec3869751558] Error 1
Makefile:118: recipe for target 'cmTryCompileExec3869751558/fast' failed
make: *** [cmTryCompileExec3869751558/fast] Error 2

File /mnt/dav/Projekt/Software/Raspberry PI/build_isolated/topic_tools/CMakeFiles/CMakeTmp/CheckSymbolExists.c:
/* */
#include <pthread.h>

int main(int argc, char** argv)
{
  (void)argv;
#ifndef pthread_create
  return ((int*)(&pthread_create))[argc];
#else
  (void)argc;
  return 0;
#endif
}

Determining if the function pthread_create exists in the pthreads failed with the following output:
Change Dir: /mnt/dav/Projekt/Software/Raspberry PI/build_isolated/topic_tools/CMakeFiles/CMakeTmp

Run Build Command:"/usr/bin/make" "cmTryCompileExec794465454/fast"
/usr/bin/make -f CMakeFiles/cmTryCompileExec794465454.dir/build.make CMakeFiles/cmTryCompileExec794465454.dir/build
make[1]: Entering directory '/mnt/dav/Projekt/Software/Raspberry PI/build_isolated/topic_tools/CMakeFiles/CMakeTmp'
/usr/bin/cmake -E cmake_progress_report "/mnt/dav/Projekt/Software/Raspberry PI/build_isolated/topic_tools/CMakeFiles/CMakeTmp/CMakeFiles" 1
Building C object CMakeFiles/cmTryCompileExec794465454.dir/CheckFunctionExists.c.o
/usr/bin/cc   -DCHECK_FUNCTION_EXISTS=pthread_create   -o CMakeFiles/cmTryCompileExec794465454.dir/CheckFunctionExists.c.o   -c /usr/share/cmake-3.0/Modules/CheckFunctionExists.c
Linking C executable cmTryCompileExec794465454
/usr/bin/cmake -E cmake_link_script CMakeFiles/cmTryCompileExec794465454.dir/link.txt --verbose=1
/usr/bin/cc   -DCHECK_FUNCTION_EXISTS=pthread_create    CMakeFiles/cmTryCompileExec794465454.dir/CheckFunctionExists.c.o  -o cmTryCompileExec794465454 -rdynamic -lpthreads 
/usr/bin/ld: cannot find -lpthreads
collect2: error: ld returned 1 exit status
CMakeFiles/cmTryCompileExec794465454.dir/build.make:88: recipe for target 'cmTryCompileExec794465454' failed
make[1]: Leaving directory '/mnt/dav/Projekt/Software/Raspberry PI/build_isolated/topic_tools/CMakeFiles/CMakeTmp'
make[1]: *** [cmTryCompileExec794465454] Error 1
Makefile:118: recipe for target 'cmTryCompileExec794465454/fast' failed
make: *** [cmTryCompileExec794465454/fast] Error 2


