Determining if the pthread_create exist failed with the following output:
Change Dir: /mnt/dav/Projekt/Software/Raspberry PI/build_isolated/genlisp/CMakeFiles/CMakeTmp

Run Build Command:"/usr/bin/make" "cmTryCompileExec1810431215/fast"
/usr/bin/make -f CMakeFiles/cmTryCompileExec1810431215.dir/build.make CMakeFiles/cmTryCompileExec1810431215.dir/build
make[1]: Entering directory '/mnt/dav/Projekt/Software/Raspberry PI/build_isolated/genlisp/CMakeFiles/CMakeTmp'
/usr/bin/cmake -E cmake_progress_report "/mnt/dav/Projekt/Software/Raspberry PI/build_isolated/genlisp/CMakeFiles/CMakeTmp/CMakeFiles" 1
Building C object CMakeFiles/cmTryCompileExec1810431215.dir/CheckSymbolExists.c.o
/usr/bin/cc    -o CMakeFiles/cmTryCompileExec1810431215.dir/CheckSymbolExists.c.o   -c "/mnt/dav/Projekt/Software/Raspberry PI/build_isolated/genlisp/CMakeFiles/CMakeTmp/CheckSymbolExists.c"
Linking C executable cmTryCompileExec1810431215
/usr/bin/cmake -E cmake_link_script CMakeFiles/cmTryCompileExec1810431215.dir/link.txt --verbose=1
/usr/bin/cc       CMakeFiles/cmTryCompileExec1810431215.dir/CheckSymbolExists.c.o  -o cmTryCompileExec1810431215 -rdynamic 
CMakeFiles/cmTryCompileExec1810431215.dir/CheckSymbolExists.c.o: In function `main':
CheckSymbolExists.c:(.text+0x38): undefined reference to `pthread_create'
collect2: error: ld returned 1 exit status
CMakeFiles/cmTryCompileExec1810431215.dir/build.make:88: recipe for target 'cmTryCompileExec1810431215' failed
make[1]: Leaving directory '/mnt/dav/Projekt/Software/Raspberry PI/build_isolated/genlisp/CMakeFiles/CMakeTmp'
make[1]: *** [cmTryCompileExec1810431215] Error 1
Makefile:118: recipe for target 'cmTryCompileExec1810431215/fast' failed
make: *** [cmTryCompileExec1810431215/fast] Error 2

File /mnt/dav/Projekt/Software/Raspberry PI/build_isolated/genlisp/CMakeFiles/CMakeTmp/CheckSymbolExists.c:
/* */
#include <pthread.h>

int main(int argc, char** argv)
{
  (void)argv;
#ifndef pthread_create
  return ((int*)(&pthread_create))[argc];
#else
  (void)argc;
  return 0;
#endif
}

Determining if the function pthread_create exists in the pthreads failed with the following output:
Change Dir: /mnt/dav/Projekt/Software/Raspberry PI/build_isolated/genlisp/CMakeFiles/CMakeTmp

Run Build Command:"/usr/bin/make" "cmTryCompileExec2637556106/fast"
/usr/bin/make -f CMakeFiles/cmTryCompileExec2637556106.dir/build.make CMakeFiles/cmTryCompileExec2637556106.dir/build
make[1]: Entering directory '/mnt/dav/Projekt/Software/Raspberry PI/build_isolated/genlisp/CMakeFiles/CMakeTmp'
/usr/bin/cmake -E cmake_progress_report "/mnt/dav/Projekt/Software/Raspberry PI/build_isolated/genlisp/CMakeFiles/CMakeTmp/CMakeFiles" 1
Building C object CMakeFiles/cmTryCompileExec2637556106.dir/CheckFunctionExists.c.o
/usr/bin/cc   -DCHECK_FUNCTION_EXISTS=pthread_create   -o CMakeFiles/cmTryCompileExec2637556106.dir/CheckFunctionExists.c.o   -c /usr/share/cmake-3.0/Modules/CheckFunctionExists.c
Linking C executable cmTryCompileExec2637556106
/usr/bin/cmake -E cmake_link_script CMakeFiles/cmTryCompileExec2637556106.dir/link.txt --verbose=1
/usr/bin/cc   -DCHECK_FUNCTION_EXISTS=pthread_create    CMakeFiles/cmTryCompileExec2637556106.dir/CheckFunctionExists.c.o  -o cmTryCompileExec2637556106 -rdynamic -lpthreads 
/usr/bin/ld: cannot find -lpthreads
collect2: error: ld returned 1 exit status
CMakeFiles/cmTryCompileExec2637556106.dir/build.make:88: recipe for target 'cmTryCompileExec2637556106' failed
make[1]: Leaving directory '/mnt/dav/Projekt/Software/Raspberry PI/build_isolated/genlisp/CMakeFiles/CMakeTmp'
make[1]: *** [cmTryCompileExec2637556106] Error 1
Makefile:118: recipe for target 'cmTryCompileExec2637556106/fast' failed
make: *** [cmTryCompileExec2637556106/fast] Error 2


