Determining if the pthread_create exist failed with the following output:
Change Dir: /mnt/dav/Projekt/Software/Raspberry PI/build_isolated/rosmake/CMakeFiles/CMakeTmp

Run Build Command:"/usr/bin/make" "cmTryCompileExec595309461/fast"
/usr/bin/make -f CMakeFiles/cmTryCompileExec595309461.dir/build.make CMakeFiles/cmTryCompileExec595309461.dir/build
make[1]: Entering directory '/mnt/dav/Projekt/Software/Raspberry PI/build_isolated/rosmake/CMakeFiles/CMakeTmp'
/usr/bin/cmake -E cmake_progress_report "/mnt/dav/Projekt/Software/Raspberry PI/build_isolated/rosmake/CMakeFiles/CMakeTmp/CMakeFiles" 1
Building C object CMakeFiles/cmTryCompileExec595309461.dir/CheckSymbolExists.c.o
/usr/bin/cc    -o CMakeFiles/cmTryCompileExec595309461.dir/CheckSymbolExists.c.o   -c "/mnt/dav/Projekt/Software/Raspberry PI/build_isolated/rosmake/CMakeFiles/CMakeTmp/CheckSymbolExists.c"
Linking C executable cmTryCompileExec595309461
/usr/bin/cmake -E cmake_link_script CMakeFiles/cmTryCompileExec595309461.dir/link.txt --verbose=1
/usr/bin/cc       CMakeFiles/cmTryCompileExec595309461.dir/CheckSymbolExists.c.o  -o cmTryCompileExec595309461 -rdynamic 
CMakeFiles/cmTryCompileExec595309461.dir/CheckSymbolExists.c.o: In function `main':
CheckSymbolExists.c:(.text+0x38): undefined reference to `pthread_create'
collect2: error: ld returned 1 exit status
CMakeFiles/cmTryCompileExec595309461.dir/build.make:88: recipe for target 'cmTryCompileExec595309461' failed
make[1]: Leaving directory '/mnt/dav/Projekt/Software/Raspberry PI/build_isolated/rosmake/CMakeFiles/CMakeTmp'
make[1]: *** [cmTryCompileExec595309461] Error 1
Makefile:118: recipe for target 'cmTryCompileExec595309461/fast' failed
make: *** [cmTryCompileExec595309461/fast] Error 2

File /mnt/dav/Projekt/Software/Raspberry PI/build_isolated/rosmake/CMakeFiles/CMakeTmp/CheckSymbolExists.c:
/* */
#include <pthread.h>

int main(int argc, char** argv)
{
  (void)argv;
#ifndef pthread_create
  return ((int*)(&pthread_create))[argc];
#else
  (void)argc;
  return 0;
#endif
}

Determining if the function pthread_create exists in the pthreads failed with the following output:
Change Dir: /mnt/dav/Projekt/Software/Raspberry PI/build_isolated/rosmake/CMakeFiles/CMakeTmp

Run Build Command:"/usr/bin/make" "cmTryCompileExec504667097/fast"
/usr/bin/make -f CMakeFiles/cmTryCompileExec504667097.dir/build.make CMakeFiles/cmTryCompileExec504667097.dir/build
make[1]: Entering directory '/mnt/dav/Projekt/Software/Raspberry PI/build_isolated/rosmake/CMakeFiles/CMakeTmp'
/usr/bin/cmake -E cmake_progress_report "/mnt/dav/Projekt/Software/Raspberry PI/build_isolated/rosmake/CMakeFiles/CMakeTmp/CMakeFiles" 1
Building C object CMakeFiles/cmTryCompileExec504667097.dir/CheckFunctionExists.c.o
/usr/bin/cc   -DCHECK_FUNCTION_EXISTS=pthread_create   -o CMakeFiles/cmTryCompileExec504667097.dir/CheckFunctionExists.c.o   -c /usr/share/cmake-3.0/Modules/CheckFunctionExists.c
Linking C executable cmTryCompileExec504667097
/usr/bin/cmake -E cmake_link_script CMakeFiles/cmTryCompileExec504667097.dir/link.txt --verbose=1
/usr/bin/cc   -DCHECK_FUNCTION_EXISTS=pthread_create    CMakeFiles/cmTryCompileExec504667097.dir/CheckFunctionExists.c.o  -o cmTryCompileExec504667097 -rdynamic -lpthreads 
/usr/bin/ld: cannot find -lpthreads
collect2: error: ld returned 1 exit status
CMakeFiles/cmTryCompileExec504667097.dir/build.make:88: recipe for target 'cmTryCompileExec504667097' failed
make[1]: Leaving directory '/mnt/dav/Projekt/Software/Raspberry PI/build_isolated/rosmake/CMakeFiles/CMakeTmp'
make[1]: *** [cmTryCompileExec504667097] Error 1
Makefile:118: recipe for target 'cmTryCompileExec504667097/fast' failed
make: *** [cmTryCompileExec504667097/fast] Error 2


