Determining if the pthread_create exist failed with the following output:
Change Dir: /mnt/dav/Projekt/Software/Raspberry PI/build_isolated/catkin/CMakeFiles/CMakeTmp

Run Build Command:"/usr/bin/make" "cmTryCompileExec2618308835/fast"
/usr/bin/make -f CMakeFiles/cmTryCompileExec2618308835.dir/build.make CMakeFiles/cmTryCompileExec2618308835.dir/build
make[1]: Entering directory '/mnt/dav/Projekt/Software/Raspberry PI/build_isolated/catkin/CMakeFiles/CMakeTmp'
/usr/bin/cmake -E cmake_progress_report "/mnt/dav/Projekt/Software/Raspberry PI/build_isolated/catkin/CMakeFiles/CMakeTmp/CMakeFiles" 1
Building C object CMakeFiles/cmTryCompileExec2618308835.dir/CheckSymbolExists.c.o
/usr/bin/cc    -o CMakeFiles/cmTryCompileExec2618308835.dir/CheckSymbolExists.c.o   -c "/mnt/dav/Projekt/Software/Raspberry PI/build_isolated/catkin/CMakeFiles/CMakeTmp/CheckSymbolExists.c"
Linking C executable cmTryCompileExec2618308835
/usr/bin/cmake -E cmake_link_script CMakeFiles/cmTryCompileExec2618308835.dir/link.txt --verbose=1
/usr/bin/cc       CMakeFiles/cmTryCompileExec2618308835.dir/CheckSymbolExists.c.o  -o cmTryCompileExec2618308835 -rdynamic 
CMakeFiles/cmTryCompileExec2618308835.dir/CheckSymbolExists.c.o: In function `main':
CheckSymbolExists.c:(.text+0x38): undefined reference to `pthread_create'
collect2: error: ld returned 1 exit status
CMakeFiles/cmTryCompileExec2618308835.dir/build.make:88: recipe for target 'cmTryCompileExec2618308835' failed
make[1]: Leaving directory '/mnt/dav/Projekt/Software/Raspberry PI/build_isolated/catkin/CMakeFiles/CMakeTmp'
make[1]: *** [cmTryCompileExec2618308835] Error 1
Makefile:118: recipe for target 'cmTryCompileExec2618308835/fast' failed
make: *** [cmTryCompileExec2618308835/fast] Error 2

File /mnt/dav/Projekt/Software/Raspberry PI/build_isolated/catkin/CMakeFiles/CMakeTmp/CheckSymbolExists.c:
/* */
#include <pthread.h>

int main(int argc, char** argv)
{
  (void)argv;
#ifndef pthread_create
  return ((int*)(&pthread_create))[argc];
#else
  (void)argc;
  return 0;
#endif
}

Determining if the function pthread_create exists in the pthreads failed with the following output:
Change Dir: /mnt/dav/Projekt/Software/Raspberry PI/build_isolated/catkin/CMakeFiles/CMakeTmp

Run Build Command:"/usr/bin/make" "cmTryCompileExec228878676/fast"
/usr/bin/make -f CMakeFiles/cmTryCompileExec228878676.dir/build.make CMakeFiles/cmTryCompileExec228878676.dir/build
make[1]: Entering directory '/mnt/dav/Projekt/Software/Raspberry PI/build_isolated/catkin/CMakeFiles/CMakeTmp'
/usr/bin/cmake -E cmake_progress_report "/mnt/dav/Projekt/Software/Raspberry PI/build_isolated/catkin/CMakeFiles/CMakeTmp/CMakeFiles" 1
Building C object CMakeFiles/cmTryCompileExec228878676.dir/CheckFunctionExists.c.o
/usr/bin/cc   -DCHECK_FUNCTION_EXISTS=pthread_create   -o CMakeFiles/cmTryCompileExec228878676.dir/CheckFunctionExists.c.o   -c /usr/share/cmake-3.0/Modules/CheckFunctionExists.c
Linking C executable cmTryCompileExec228878676
/usr/bin/cmake -E cmake_link_script CMakeFiles/cmTryCompileExec228878676.dir/link.txt --verbose=1
/usr/bin/cc   -DCHECK_FUNCTION_EXISTS=pthread_create    CMakeFiles/cmTryCompileExec228878676.dir/CheckFunctionExists.c.o  -o cmTryCompileExec228878676 -rdynamic -lpthreads 
/usr/bin/ld: cannot find -lpthreads
collect2: error: ld returned 1 exit status
CMakeFiles/cmTryCompileExec228878676.dir/build.make:88: recipe for target 'cmTryCompileExec228878676' failed
make[1]: Leaving directory '/mnt/dav/Projekt/Software/Raspberry PI/build_isolated/catkin/CMakeFiles/CMakeTmp'
make[1]: *** [cmTryCompileExec228878676] Error 1
Makefile:118: recipe for target 'cmTryCompileExec228878676/fast' failed
make: *** [cmTryCompileExec228878676/fast] Error 2


