Determining if the pthread_create exist failed with the following output:
Change Dir: /mnt/dav/Projekt/Software/Raspberry PI/build_isolated/rosmsg/CMakeFiles/CMakeTmp

Run Build Command:"/usr/bin/make" "cmTryCompileExec4126711147/fast"
/usr/bin/make -f CMakeFiles/cmTryCompileExec4126711147.dir/build.make CMakeFiles/cmTryCompileExec4126711147.dir/build
make[1]: Entering directory '/mnt/dav/Projekt/Software/Raspberry PI/build_isolated/rosmsg/CMakeFiles/CMakeTmp'
/usr/bin/cmake -E cmake_progress_report "/mnt/dav/Projekt/Software/Raspberry PI/build_isolated/rosmsg/CMakeFiles/CMakeTmp/CMakeFiles" 1
Building C object CMakeFiles/cmTryCompileExec4126711147.dir/CheckSymbolExists.c.o
/usr/bin/cc    -o CMakeFiles/cmTryCompileExec4126711147.dir/CheckSymbolExists.c.o   -c "/mnt/dav/Projekt/Software/Raspberry PI/build_isolated/rosmsg/CMakeFiles/CMakeTmp/CheckSymbolExists.c"
Linking C executable cmTryCompileExec4126711147
/usr/bin/cmake -E cmake_link_script CMakeFiles/cmTryCompileExec4126711147.dir/link.txt --verbose=1
/usr/bin/cc       CMakeFiles/cmTryCompileExec4126711147.dir/CheckSymbolExists.c.o  -o cmTryCompileExec4126711147 -rdynamic 
CMakeFiles/cmTryCompileExec4126711147.dir/CheckSymbolExists.c.o: In function `main':
CheckSymbolExists.c:(.text+0x38): undefined reference to `pthread_create'
collect2: error: ld returned 1 exit status
CMakeFiles/cmTryCompileExec4126711147.dir/build.make:88: recipe for target 'cmTryCompileExec4126711147' failed
make[1]: Leaving directory '/mnt/dav/Projekt/Software/Raspberry PI/build_isolated/rosmsg/CMakeFiles/CMakeTmp'
make[1]: *** [cmTryCompileExec4126711147] Error 1
Makefile:118: recipe for target 'cmTryCompileExec4126711147/fast' failed
make: *** [cmTryCompileExec4126711147/fast] Error 2

File /mnt/dav/Projekt/Software/Raspberry PI/build_isolated/rosmsg/CMakeFiles/CMakeTmp/CheckSymbolExists.c:
/* */
#include <pthread.h>

int main(int argc, char** argv)
{
  (void)argv;
#ifndef pthread_create
  return ((int*)(&pthread_create))[argc];
#else
  (void)argc;
  return 0;
#endif
}

Determining if the function pthread_create exists in the pthreads failed with the following output:
Change Dir: /mnt/dav/Projekt/Software/Raspberry PI/build_isolated/rosmsg/CMakeFiles/CMakeTmp

Run Build Command:"/usr/bin/make" "cmTryCompileExec3420832246/fast"
/usr/bin/make -f CMakeFiles/cmTryCompileExec3420832246.dir/build.make CMakeFiles/cmTryCompileExec3420832246.dir/build
make[1]: Entering directory '/mnt/dav/Projekt/Software/Raspberry PI/build_isolated/rosmsg/CMakeFiles/CMakeTmp'
/usr/bin/cmake -E cmake_progress_report "/mnt/dav/Projekt/Software/Raspberry PI/build_isolated/rosmsg/CMakeFiles/CMakeTmp/CMakeFiles" 1
Building C object CMakeFiles/cmTryCompileExec3420832246.dir/CheckFunctionExists.c.o
/usr/bin/cc   -DCHECK_FUNCTION_EXISTS=pthread_create   -o CMakeFiles/cmTryCompileExec3420832246.dir/CheckFunctionExists.c.o   -c /usr/share/cmake-3.0/Modules/CheckFunctionExists.c
Linking C executable cmTryCompileExec3420832246
/usr/bin/cmake -E cmake_link_script CMakeFiles/cmTryCompileExec3420832246.dir/link.txt --verbose=1
/usr/bin/cc   -DCHECK_FUNCTION_EXISTS=pthread_create    CMakeFiles/cmTryCompileExec3420832246.dir/CheckFunctionExists.c.o  -o cmTryCompileExec3420832246 -rdynamic -lpthreads 
/usr/bin/ld: cannot find -lpthreads
collect2: error: ld returned 1 exit status
CMakeFiles/cmTryCompileExec3420832246.dir/build.make:88: recipe for target 'cmTryCompileExec3420832246' failed
make[1]: Leaving directory '/mnt/dav/Projekt/Software/Raspberry PI/build_isolated/rosmsg/CMakeFiles/CMakeTmp'
make[1]: *** [cmTryCompileExec3420832246] Error 1
Makefile:118: recipe for target 'cmTryCompileExec3420832246/fast' failed
make: *** [cmTryCompileExec3420832246/fast] Error 2


