Determining if the pthread_create exist failed with the following output:
Change Dir: /mnt/dav/Projekt/Software/Raspberry PI/build_isolated/ros/CMakeFiles/CMakeTmp

Run Build Command:"/usr/bin/make" "cmTryCompileExec798032452/fast"
/usr/bin/make -f CMakeFiles/cmTryCompileExec798032452.dir/build.make CMakeFiles/cmTryCompileExec798032452.dir/build
make[1]: Entering directory '/mnt/dav/Projekt/Software/Raspberry PI/build_isolated/ros/CMakeFiles/CMakeTmp'
/usr/bin/cmake -E cmake_progress_report "/mnt/dav/Projekt/Software/Raspberry PI/build_isolated/ros/CMakeFiles/CMakeTmp/CMakeFiles" 1
Building C object CMakeFiles/cmTryCompileExec798032452.dir/CheckSymbolExists.c.o
/usr/bin/cc    -o CMakeFiles/cmTryCompileExec798032452.dir/CheckSymbolExists.c.o   -c "/mnt/dav/Projekt/Software/Raspberry PI/build_isolated/ros/CMakeFiles/CMakeTmp/CheckSymbolExists.c"
Linking C executable cmTryCompileExec798032452
/usr/bin/cmake -E cmake_link_script CMakeFiles/cmTryCompileExec798032452.dir/link.txt --verbose=1
/usr/bin/cc       CMakeFiles/cmTryCompileExec798032452.dir/CheckSymbolExists.c.o  -o cmTryCompileExec798032452 -rdynamic 
CMakeFiles/cmTryCompileExec798032452.dir/CheckSymbolExists.c.o: In function `main':
CheckSymbolExists.c:(.text+0x38): undefined reference to `pthread_create'
collect2: error: ld returned 1 exit status
CMakeFiles/cmTryCompileExec798032452.dir/build.make:88: recipe for target 'cmTryCompileExec798032452' failed
make[1]: Leaving directory '/mnt/dav/Projekt/Software/Raspberry PI/build_isolated/ros/CMakeFiles/CMakeTmp'
make[1]: *** [cmTryCompileExec798032452] Error 1
Makefile:118: recipe for target 'cmTryCompileExec798032452/fast' failed
make: *** [cmTryCompileExec798032452/fast] Error 2

File /mnt/dav/Projekt/Software/Raspberry PI/build_isolated/ros/CMakeFiles/CMakeTmp/CheckSymbolExists.c:
/* */
#include <pthread.h>

int main(int argc, char** argv)
{
  (void)argv;
#ifndef pthread_create
  return ((int*)(&pthread_create))[argc];
#else
  (void)argc;
  return 0;
#endif
}

Determining if the function pthread_create exists in the pthreads failed with the following output:
Change Dir: /mnt/dav/Projekt/Software/Raspberry PI/build_isolated/ros/CMakeFiles/CMakeTmp

Run Build Command:"/usr/bin/make" "cmTryCompileExec3595656367/fast"
/usr/bin/make -f CMakeFiles/cmTryCompileExec3595656367.dir/build.make CMakeFiles/cmTryCompileExec3595656367.dir/build
make[1]: Entering directory '/mnt/dav/Projekt/Software/Raspberry PI/build_isolated/ros/CMakeFiles/CMakeTmp'
/usr/bin/cmake -E cmake_progress_report "/mnt/dav/Projekt/Software/Raspberry PI/build_isolated/ros/CMakeFiles/CMakeTmp/CMakeFiles" 1
Building C object CMakeFiles/cmTryCompileExec3595656367.dir/CheckFunctionExists.c.o
/usr/bin/cc   -DCHECK_FUNCTION_EXISTS=pthread_create   -o CMakeFiles/cmTryCompileExec3595656367.dir/CheckFunctionExists.c.o   -c /usr/share/cmake-3.0/Modules/CheckFunctionExists.c
Linking C executable cmTryCompileExec3595656367
/usr/bin/cmake -E cmake_link_script CMakeFiles/cmTryCompileExec3595656367.dir/link.txt --verbose=1
/usr/bin/cc   -DCHECK_FUNCTION_EXISTS=pthread_create    CMakeFiles/cmTryCompileExec3595656367.dir/CheckFunctionExists.c.o  -o cmTryCompileExec3595656367 -rdynamic -lpthreads 
/usr/bin/ld: cannot find -lpthreads
collect2: error: ld returned 1 exit status
CMakeFiles/cmTryCompileExec3595656367.dir/build.make:88: recipe for target 'cmTryCompileExec3595656367' failed
make[1]: Leaving directory '/mnt/dav/Projekt/Software/Raspberry PI/build_isolated/ros/CMakeFiles/CMakeTmp'
make[1]: *** [cmTryCompileExec3595656367] Error 1
Makefile:118: recipe for target 'cmTryCompileExec3595656367/fast' failed
make: *** [cmTryCompileExec3595656367/fast] Error 2


