Determining if the pthread_create exist failed with the following output:
Change Dir: /mnt/dav/Projekt/Software/Raspberry PI/build_isolated/rosbag_storage/CMakeFiles/CMakeTmp

Run Build Command:"/usr/bin/make" "cmTryCompileExec464392261/fast"
/usr/bin/make -f CMakeFiles/cmTryCompileExec464392261.dir/build.make CMakeFiles/cmTryCompileExec464392261.dir/build
make[1]: Entering directory '/mnt/dav/Projekt/Software/Raspberry PI/build_isolated/rosbag_storage/CMakeFiles/CMakeTmp'
/usr/bin/cmake -E cmake_progress_report "/mnt/dav/Projekt/Software/Raspberry PI/build_isolated/rosbag_storage/CMakeFiles/CMakeTmp/CMakeFiles" 1
Building C object CMakeFiles/cmTryCompileExec464392261.dir/CheckSymbolExists.c.o
/usr/bin/cc    -o CMakeFiles/cmTryCompileExec464392261.dir/CheckSymbolExists.c.o   -c "/mnt/dav/Projekt/Software/Raspberry PI/build_isolated/rosbag_storage/CMakeFiles/CMakeTmp/CheckSymbolExists.c"
Linking C executable cmTryCompileExec464392261
/usr/bin/cmake -E cmake_link_script CMakeFiles/cmTryCompileExec464392261.dir/link.txt --verbose=1
/usr/bin/cc       CMakeFiles/cmTryCompileExec464392261.dir/CheckSymbolExists.c.o  -o cmTryCompileExec464392261 -rdynamic 
CMakeFiles/cmTryCompileExec464392261.dir/CheckSymbolExists.c.o: In function `main':
CheckSymbolExists.c:(.text+0x38): undefined reference to `pthread_create'
collect2: error: ld returned 1 exit status
CMakeFiles/cmTryCompileExec464392261.dir/build.make:88: recipe for target 'cmTryCompileExec464392261' failed
make[1]: Leaving directory '/mnt/dav/Projekt/Software/Raspberry PI/build_isolated/rosbag_storage/CMakeFiles/CMakeTmp'
make[1]: *** [cmTryCompileExec464392261] Error 1
Makefile:118: recipe for target 'cmTryCompileExec464392261/fast' failed
make: *** [cmTryCompileExec464392261/fast] Error 2

File /mnt/dav/Projekt/Software/Raspberry PI/build_isolated/rosbag_storage/CMakeFiles/CMakeTmp/CheckSymbolExists.c:
/* */
#include <pthread.h>

int main(int argc, char** argv)
{
  (void)argv;
#ifndef pthread_create
  return ((int*)(&pthread_create))[argc];
#else
  (void)argc;
  return 0;
#endif
}

Determining if the function pthread_create exists in the pthreads failed with the following output:
Change Dir: /mnt/dav/Projekt/Software/Raspberry PI/build_isolated/rosbag_storage/CMakeFiles/CMakeTmp

Run Build Command:"/usr/bin/make" "cmTryCompileExec1526888932/fast"
/usr/bin/make -f CMakeFiles/cmTryCompileExec1526888932.dir/build.make CMakeFiles/cmTryCompileExec1526888932.dir/build
make[1]: Entering directory '/mnt/dav/Projekt/Software/Raspberry PI/build_isolated/rosbag_storage/CMakeFiles/CMakeTmp'
/usr/bin/cmake -E cmake_progress_report "/mnt/dav/Projekt/Software/Raspberry PI/build_isolated/rosbag_storage/CMakeFiles/CMakeTmp/CMakeFiles" 1
Building C object CMakeFiles/cmTryCompileExec1526888932.dir/CheckFunctionExists.c.o
/usr/bin/cc   -DCHECK_FUNCTION_EXISTS=pthread_create   -o CMakeFiles/cmTryCompileExec1526888932.dir/CheckFunctionExists.c.o   -c /usr/share/cmake-3.0/Modules/CheckFunctionExists.c
Linking C executable cmTryCompileExec1526888932
/usr/bin/cmake -E cmake_link_script CMakeFiles/cmTryCompileExec1526888932.dir/link.txt --verbose=1
/usr/bin/cc   -DCHECK_FUNCTION_EXISTS=pthread_create    CMakeFiles/cmTryCompileExec1526888932.dir/CheckFunctionExists.c.o  -o cmTryCompileExec1526888932 -rdynamic -lpthreads 
/usr/bin/ld: cannot find -lpthreads
collect2: error: ld returned 1 exit status
CMakeFiles/cmTryCompileExec1526888932.dir/build.make:88: recipe for target 'cmTryCompileExec1526888932' failed
make[1]: Leaving directory '/mnt/dav/Projekt/Software/Raspberry PI/build_isolated/rosbag_storage/CMakeFiles/CMakeTmp'
make[1]: *** [cmTryCompileExec1526888932] Error 1
Makefile:118: recipe for target 'cmTryCompileExec1526888932/fast' failed
make: *** [cmTryCompileExec1526888932/fast] Error 2


