Determining if the pthread_create exist failed with the following output:
Change Dir: /mnt/dav/Projekt/Software/Raspberry PI/build_isolated/gencpp/CMakeFiles/CMakeTmp

Run Build Command:"/usr/bin/make" "cmTryCompileExec975208690/fast"
/usr/bin/make -f CMakeFiles/cmTryCompileExec975208690.dir/build.make CMakeFiles/cmTryCompileExec975208690.dir/build
make[1]: Entering directory '/mnt/dav/Projekt/Software/Raspberry PI/build_isolated/gencpp/CMakeFiles/CMakeTmp'
/usr/bin/cmake -E cmake_progress_report "/mnt/dav/Projekt/Software/Raspberry PI/build_isolated/gencpp/CMakeFiles/CMakeTmp/CMakeFiles" 1
Building C object CMakeFiles/cmTryCompileExec975208690.dir/CheckSymbolExists.c.o
/usr/bin/cc    -o CMakeFiles/cmTryCompileExec975208690.dir/CheckSymbolExists.c.o   -c "/mnt/dav/Projekt/Software/Raspberry PI/build_isolated/gencpp/CMakeFiles/CMakeTmp/CheckSymbolExists.c"
Linking C executable cmTryCompileExec975208690
/usr/bin/cmake -E cmake_link_script CMakeFiles/cmTryCompileExec975208690.dir/link.txt --verbose=1
/usr/bin/cc       CMakeFiles/cmTryCompileExec975208690.dir/CheckSymbolExists.c.o  -o cmTryCompileExec975208690 -rdynamic 
CMakeFiles/cmTryCompileExec975208690.dir/CheckSymbolExists.c.o: In function `main':
CheckSymbolExists.c:(.text+0x38): undefined reference to `pthread_create'
collect2: error: ld returned 1 exit status
CMakeFiles/cmTryCompileExec975208690.dir/build.make:88: recipe for target 'cmTryCompileExec975208690' failed
make[1]: Leaving directory '/mnt/dav/Projekt/Software/Raspberry PI/build_isolated/gencpp/CMakeFiles/CMakeTmp'
make[1]: *** [cmTryCompileExec975208690] Error 1
Makefile:118: recipe for target 'cmTryCompileExec975208690/fast' failed
make: *** [cmTryCompileExec975208690/fast] Error 2

File /mnt/dav/Projekt/Software/Raspberry PI/build_isolated/gencpp/CMakeFiles/CMakeTmp/CheckSymbolExists.c:
/* */
#include <pthread.h>

int main(int argc, char** argv)
{
  (void)argv;
#ifndef pthread_create
  return ((int*)(&pthread_create))[argc];
#else
  (void)argc;
  return 0;
#endif
}

Determining if the function pthread_create exists in the pthreads failed with the following output:
Change Dir: /mnt/dav/Projekt/Software/Raspberry PI/build_isolated/gencpp/CMakeFiles/CMakeTmp

Run Build Command:"/usr/bin/make" "cmTryCompileExec3986243746/fast"
/usr/bin/make -f CMakeFiles/cmTryCompileExec3986243746.dir/build.make CMakeFiles/cmTryCompileExec3986243746.dir/build
make[1]: Entering directory '/mnt/dav/Projekt/Software/Raspberry PI/build_isolated/gencpp/CMakeFiles/CMakeTmp'
/usr/bin/cmake -E cmake_progress_report "/mnt/dav/Projekt/Software/Raspberry PI/build_isolated/gencpp/CMakeFiles/CMakeTmp/CMakeFiles" 1
Building C object CMakeFiles/cmTryCompileExec3986243746.dir/CheckFunctionExists.c.o
/usr/bin/cc   -DCHECK_FUNCTION_EXISTS=pthread_create   -o CMakeFiles/cmTryCompileExec3986243746.dir/CheckFunctionExists.c.o   -c /usr/share/cmake-3.0/Modules/CheckFunctionExists.c
Linking C executable cmTryCompileExec3986243746
/usr/bin/cmake -E cmake_link_script CMakeFiles/cmTryCompileExec3986243746.dir/link.txt --verbose=1
/usr/bin/cc   -DCHECK_FUNCTION_EXISTS=pthread_create    CMakeFiles/cmTryCompileExec3986243746.dir/CheckFunctionExists.c.o  -o cmTryCompileExec3986243746 -rdynamic -lpthreads 
/usr/bin/ld: cannot find -lpthreads
collect2: error: ld returned 1 exit status
CMakeFiles/cmTryCompileExec3986243746.dir/build.make:88: recipe for target 'cmTryCompileExec3986243746' failed
make[1]: Leaving directory '/mnt/dav/Projekt/Software/Raspberry PI/build_isolated/gencpp/CMakeFiles/CMakeTmp'
make[1]: *** [cmTryCompileExec3986243746] Error 1
Makefile:118: recipe for target 'cmTryCompileExec3986243746/fast' failed
make: *** [cmTryCompileExec3986243746/fast] Error 2


